<?xml version="1.0" encoding="UTF-8"?>
<!-- Generated by org.testng.reporters.JUnitReportReporter -->
<testsuite hostname="LAPTOP-SPPJ5AEL" failures="0" tests="1" name="Jedestine.Categories.Men.TrileTest" time="20.670" errors="0" timestamp="2022-07-14T22:00:34 IST" skipped="0">
  <testcase classname="Jedestine.Categories.Men.TrileTest" name="test1" time="20.670"/>
  <system-out/>
</testsuite> <!-- Jedestine.Categories.Men.TrileTest -->
